<?xml version="1.0" encoding="UTF-8"?>
<!-- Generated by org.testng.reporters.JUnitReportReporter -->
<testsuite hostname="haile" failures="0" tests="1" name="testController.FindPasswordControllerTest" time="13.687" errors="0" timestamp="2021-12-14T15:23:01 ICT" skipped="0">
  <testcase classname="testController.FindPasswordControllerTest" name="TC02_sendEmail_Failed" time="13.687"/>
  <system-out/>
</testsuite> <!-- testController.FindPasswordControllerTest -->
