<?xml version="1.0" encoding="UTF-8"?>
<!-- Generated by org.testng.reporters.JUnitReportReporter -->
<testsuite hostname="haile" failures="0" tests="21" name="testModel.AnswerTest" time="0.023" errors="0" timestamp="2021-12-07T14:57:52 ICT" skipped="0">
  <testcase classname="testModel.AnswerTest" name="getIdTest_TC05" time="0.001"/>
  <system-out/>
  <testcase classname="testModel.AnswerTest" name="setGiaiThichTest_TC_19" time="0.001"/>
  <system-out/>
  <testcase classname="testModel.AnswerTest" name="isTrangThaiTest_TC_12" time="0.004"/>
  <system-out/>
  <testcase classname="testModel.AnswerTest" name="getGiaiThichTest_TC04" time="0.002"/>
  <system-out/>
  <testcase classname="testModel.AnswerTest" name="getNoiDungTest_TC07" time="0.001"/>
  <system-out/>
  <testcase classname="testModel.AnswerTest" name="getIdTest_TC06" time="0.000"/>
  <system-out/>
  <testcase classname="testModel.AnswerTest" name="isFlagTest_TC_10" time="0.001"/>
  <system-out/>
  <testcase classname="testModel.AnswerTest" name="setGiaiThichTest_TC_18" time="0.002"/>
  <system-out/>
  <testcase classname="testModel.AnswerTest" name="setCauhoi_idTest_TC_14" time="0.000"/>
  <system-out/>
  <testcase classname="testModel.AnswerTest" name="isFlagTest_TC_11" time="0.001"/>
  <system-out/>
  <testcase classname="testModel.AnswerTest" name="setNoiDungTest_TC_22" time="0.001"/>
  <system-out/>
  <testcase classname="testModel.AnswerTest" name="setTrangThaiTest" time="0.001"/>
  <system-out/>
  <testcase classname="testModel.AnswerTest" name="setFlagTest_TC_17" time="0.001"/>
  <system-out/>
  <testcase classname="testModel.AnswerTest" name="setIdTest_TC_20" time="0.001"/>
  <system-out/>
  <testcase classname="testModel.AnswerTest" name="getCauhoi_idTest_TC_02" time="0.001"/>
  <system-out/>
  <testcase classname="testModel.AnswerTest" name="getNoiDungTest_TC08" time="0.001"/>
  <system-out/>
  <testcase classname="testModel.AnswerTest" name="getCauhoi_idTest_TC_01" time="0.001"/>
  <system-out/>
  <testcase classname="testModel.AnswerTest" name="setCauhoi_idTest_TC_16" time="0.001"/>
  <system-out/>
  <testcase classname="testModel.AnswerTest" name="isTrangThaiTest_TC_13" time="0.000"/>
  <system-out/>
  <testcase classname="testModel.AnswerTest" name="getGiaiThichTest_TC03" time="0.001"/>
  <system-out/>
  <testcase classname="testModel.AnswerTest" name="setNoiDungTest_TC_23" time="0.001"/>
  <system-out/>
</testsuite> <!-- testModel.AnswerTest -->
