<?xml version="1.0" encoding="UTF-8"?>
<!-- Generated by org.testng.reporters.JUnitReportReporter -->
<testsuite hostname="haile" failures="0" tests="10" name="testController.ConnectionTest" time="45.820" errors="0" timestamp="2021-12-14T15:23:01 ICT" skipped="0">
  <testcase classname="testController.ConnectionTest" name="CDB_TC008_ConectFalse" time="0.000"/>
  <system-out/>
  <testcase classname="testController.ConnectionTest" name="CDB_TC010_ConectFailed" time="14.851"/>
  <system-out/>
  <testcase classname="testController.ConnectionTest" name="CDB_TC004_ConectFailed" time="0.031"/>
  <system-out/>
  <testcase classname="testController.ConnectionTest" name="CDB_TC001_ConectSuccess" time="0.406"/>
  <system-out/>
  <testcase classname="testController.ConnectionTest" name="CDB_TC007_ConectFailed" time="0.030"/>
  <system-out/>
  <testcase classname="testController.ConnectionTest" name="CDB_TC006_ConectFailed" time="0.027"/>
  <system-out/>
  <testcase classname="testController.ConnectionTest" name="CDB_TC003_ConectFailed" time="0.033"/>
  <system-out/>
  <testcase classname="testController.ConnectionTest" name="CDB_TC009_ConectFailed" time="15.770"/>
  <system-out/>
  <testcase classname="testController.ConnectionTest" name="CDB_TC002_ConectFailed" time="14.645"/>
  <system-out/>
  <testcase classname="testController.ConnectionTest" name="CDB_TC005_ConectFailed" time="0.027"/>
  <system-out/>
</testsuite> <!-- testController.ConnectionTest -->
