<?xml version="1.0" encoding="UTF-8"?>
<!-- Generated by org.testng.reporters.JUnitReportReporter -->
<testsuite hostname="haile" failures="0" tests="13" name="testModel.QuestionTest" time="0.014" errors="0" timestamp="2021-12-14T15:21:47 ICT" skipped="0">
  <testcase classname="testModel.QuestionTest" name="setHinhTest_TC08" time="0.001"/>
  <system-out/>
  <testcase classname="testModel.QuestionTest" name="getIdTest_TC04" time="0.002"/>
  <system-out/>
  <testcase classname="testModel.QuestionTest" name="isTrangThaiTest_TC07" time="0.002"/>
  <system-out/>
  <testcase classname="testModel.QuestionTest" name="setLoaiCauHoi_idTest_TC10" time="0.002"/>
  <system-out/>
  <testcase classname="testModel.QuestionTest" name="getHinhTest_TC01" time="0.001"/>
  <system-out/>
  <testcase classname="testModel.QuestionTest" name="getNoiDungTest_TC06" time="0.000"/>
  <system-out/>
  <testcase classname="testModel.QuestionTest" name="setTrangThaiTest_TC13" time="0.001"/>
  <system-out/>
  <testcase classname="testModel.QuestionTest" name="setNoiDungTest_TC11" time="0.001"/>
  <system-out/>
  <testcase classname="testModel.QuestionTest" name="getLoaiCauHoi_idTest_TC05" time="0.001"/>
  <system-out/>
  <testcase classname="testModel.QuestionTest" name="getIdTest_TC03" time="0.001"/>
  <system-out/>
  <testcase classname="testModel.QuestionTest" name="setTrangThaiTest_TC12" time="0.001"/>
  <system-out/>
  <testcase classname="testModel.QuestionTest" name="setIdTest_TC09" time="0.000"/>
  <system-out/>
  <testcase classname="testModel.QuestionTest" name="getHinhTest_TC02" time="0.001"/>
  <system-out/>
</testsuite> <!-- testModel.QuestionTest -->
