<?xml version="1.0" encoding="UTF-8"?>
<!-- Generated by org.testng.reporters.JUnitReportReporter -->
<testsuite hostname="haile" failures="0" tests="13" name="testModel.CauHoi_DeThiTest" time="0.025" errors="0" timestamp="2021-12-07T14:57:52 ICT" skipped="0">
  <testcase classname="testModel.CauHoi_DeThiTest" name="getCauTraLoiTest_TC_03" time="0.001"/>
  <system-out/>
  <testcase classname="testModel.CauHoi_DeThiTest" name="isTrangThaiTest_TC_08" time="0.001"/>
  <system-out/>
  <testcase classname="testModel.CauHoi_DeThiTest" name="isTrangThaiTest_TC_07" time="0.005"/>
  <system-out/>
  <testcase classname="testModel.CauHoi_DeThiTest" name="setCauHoi_idTest_TC_09" time="0.001"/>
  <system-out/>
  <testcase classname="testModel.CauHoi_DeThiTest" name="setCauTraLoiTest_TC_10" time="0.001"/>
  <system-out/>
  <testcase classname="testModel.CauHoi_DeThiTest" name="setDeThi_idTest_TC_12" time="0.001"/>
  <system-out/>
  <testcase classname="testModel.CauHoi_DeThiTest" name="getCauHoi_idTest_TC_02" time="0.002"/>
  <system-out/>
  <testcase classname="testModel.CauHoi_DeThiTest" name="getCauHoi_idTest_TC_01" time="0.005"/>
  <system-out/>
  <testcase classname="testModel.CauHoi_DeThiTest" name="setTrangThaiTest_TC_13" time="0.002"/>
  <system-out/>
  <testcase classname="testModel.CauHoi_DeThiTest" name="getCauTraLoiTest_TC_04" time="0.002"/>
  <system-out/>
  <testcase classname="testModel.CauHoi_DeThiTest" name="getDeThi_idTest_TC_06" time="0.002"/>
  <system-out/>
  <testcase classname="testModel.CauHoi_DeThiTest" name="getDeThi_idTest_TC_05" time="0.001"/>
  <system-out/>
  <testcase classname="testModel.CauHoi_DeThiTest" name="setCauTraLoiTest_TC_11" time="0.001"/>
  <system-out/>
</testsuite> <!-- testModel.CauHoi_DeThiTest -->
