<?xml version="1.0" encoding="UTF-8"?>
<!-- Generated by org.testng.reporters.JUnitReportReporter -->
<testsuite hostname="haile" failures="0" tests="17" name="testModel.DethiTest" time="0.004" errors="0" timestamp="2021-12-14T15:21:47 ICT" skipped="0">
  <testcase classname="testModel.DethiTest" name="getLoaide_idTest_TC_08" time="0.001"/>
  <system-out/>
  <testcase classname="testModel.DethiTest" name="getEmailTest_TC_01" time="0.000"/>
  <system-out/>
  <testcase classname="testModel.DethiTest" name="setTimerTest_TC_19" time="0.000"/>
  <system-out/>
  <testcase classname="testModel.DethiTest" name="setEmailTest_TC_16" time="0.000"/>
  <system-out/>
  <testcase classname="testModel.DethiTest" name="getEmailTest_TC_03" time="0.000"/>
  <system-out/>
  <testcase classname="testModel.DethiTest" name="getTimerTest_TC_10" time="0.000"/>
  <system-out/>
  <testcase classname="testModel.DethiTest" name="setIdTest_TC_17" time="0.000"/>
  <system-out/>
  <testcase classname="testModel.DethiTest" name="getTrangThaiTest_TC_13" time="0.000"/>
  <system-out/>
  <testcase classname="testModel.DethiTest" name="getIdTest_TC_05" time="0.000"/>
  <system-out/>
  <testcase classname="testModel.DethiTest" name="getIdTest_TC_04" time="0.000"/>
  <system-out/>
  <testcase classname="testModel.DethiTest" name="getTrangThaiTest_TC_15" time="0.001"/>
  <system-out/>
  <testcase classname="testModel.DethiTest" name="setLoaide_idTest_TC_18" time="0.001"/>
  <system-out/>
  <testcase classname="testModel.DethiTest" name="getTrangThaiTest_TC_14" time="0.001"/>
  <system-out/>
  <testcase classname="testModel.DethiTest" name="getTimerTest_TC_11" time="0.000"/>
  <system-out/>
  <testcase classname="testModel.DethiTest" name="getLoaide_idTest_TC_07" time="0.000"/>
  <system-out/>
  <testcase classname="testModel.DethiTest" name="setTrangThaiTest" time="0.000"/>
  <system-out/>
  <testcase classname="testModel.DethiTest" name="getEmailTest_TC_02" time="0.000"/>
  <system-out/>
</testsuite> <!-- testModel.DethiTest -->
