<?xml version="1.0" encoding="UTF-8"?>
<!-- Generated by org.testng.reporters.JUnitReportReporter -->
<testsuite hostname="haile" failures="1" tests="13" name="testModel.QuestionTest" time="0.044" errors="0" timestamp="2021-12-07T14:57:52 ICT" skipped="0">
  <testcase classname="testModel.QuestionTest" name="setHinhTest_TC08" time="0.001"/>
  <system-out/>
  <testcase classname="testModel.QuestionTest" name="setTrangThaiTest_TC13" time="0.000"/>
  <system-out/>
  <testcase classname="testModel.QuestionTest" name="getNoiDungTest_TC06" time="0.002"/>
  <system-out/>
  <testcase classname="testModel.QuestionTest" name="setIdTest_TC09" time="0.032"/>
  <system-out/>
  <testcase classname="testModel.QuestionTest" name="setLoaiCauHoi_idTest_TC10" time="0.001"/>
  <system-out/>
  <testcase classname="testModel.QuestionTest" name="getIdTest_TC03" time="0.000"/>
  <system-out/>
  <testcase classname="testModel.QuestionTest" name="getIdTest_TC04" time="0.002"/>
  <system-out/>
  <testcase classname="testModel.QuestionTest" name="isTrangThaiTest_TC07" time="0.001">
    <failure type="java.lang.AssertionError">
      <![CDATA[java.lang.AssertionError
at org.junit.Assert.fail(Assert.java:86)
at org.junit.Assert.assertTrue(Assert.java:41)
at org.junit.Assert.assertTrue(Assert.java:52)
at testModel.QuestionTest.isTrangThaiTest_TC07(QuestionTest.java:62)
at java.base/jdk.internal.reflect.NativeMethodAccessorImpl.invoke0(Native Method)
at java.base/jdk.internal.reflect.NativeMethodAccessorImpl.invoke(NativeMethodAccessorImpl.java:64)
at java.base/jdk.internal.reflect.DelegatingMethodAccessorImpl.invoke(DelegatingMethodAccessorImpl.java:43)
at java.base/java.lang.reflect.Method.invoke(Method.java:564)
at org.testng.internal.MethodInvocationHelper.invokeMethod(MethodInvocationHelper.java:133)
at org.testng.internal.TestInvoker.invokeMethod(TestInvoker.java:598)
at org.testng.internal.TestInvoker.invokeTestMethod(TestInvoker.java:173)
at org.testng.internal.MethodRunner.runInSequence(MethodRunner.java:46)
at org.testng.internal.TestInvoker$MethodInvocationAgent.invoke(TestInvoker.java:824)
at org.testng.internal.TestInvoker.invokeTestMethods(TestInvoker.java:146)
at org.testng.internal.TestMethodWorker.invokeTestMethods(TestMethodWorker.java:146)
at org.testng.internal.TestMethodWorker.run(TestMethodWorker.java:128)
at java.base/java.util.ArrayList.forEach(ArrayList.java:1511)
at org.testng.TestRunner.privateRun(TestRunner.java:794)
at org.testng.TestRunner.run(TestRunner.java:596)
at org.testng.SuiteRunner.runTest(SuiteRunner.java:377)
at org.testng.SuiteRunner.runSequentially(SuiteRunner.java:371)
at org.testng.SuiteRunner.privateRun(SuiteRunner.java:332)
at org.testng.SuiteRunner.run(SuiteRunner.java:276)
at org.testng.SuiteRunnerWorker.runSuite(SuiteRunnerWorker.java:53)
at org.testng.SuiteRunnerWorker.run(SuiteRunnerWorker.java:96)
at org.testng.TestNG.runSuitesSequentially(TestNG.java:1212)
at org.testng.TestNG.runSuitesLocally(TestNG.java:1134)
at org.testng.TestNG.runSuites(TestNG.java:1063)
at org.testng.TestNG.run(TestNG.java:1031)
at org.testng.remote.AbstractRemoteTestNG.run(AbstractRemoteTestNG.java:115)
at org.testng.remote.RemoteTestNG.initAndRun(RemoteTestNG.java:251)
at org.testng.remote.RemoteTestNG.main(RemoteTestNG.java:77)
]]>
    </failure>
  </testcase> <!-- isTrangThaiTest_TC07 -->
  <system-out/>
  <testcase classname="testModel.QuestionTest" name="getHinhTest_TC02" time="0.001"/>
  <system-out/>
  <testcase classname="testModel.QuestionTest" name="getLoaiCauHoi_idTest_TC05" time="0.001"/>
  <system-out/>
  <testcase classname="testModel.QuestionTest" name="getHinhTest_TC01" time="0.001"/>
  <system-out/>
  <testcase classname="testModel.QuestionTest" name="setNoiDungTest_TC11" time="0.001"/>
  <system-out/>
  <testcase classname="testModel.QuestionTest" name="setTrangThaiTest_TC12" time="0.001"/>
  <system-out/>
</testsuite> <!-- testModel.QuestionTest -->
