<?xml version="1.0" encoding="UTF-8"?>
<!-- Generated by org.testng.reporters.JUnitReportReporter -->
<testsuite hostname="haile" failures="0" tests="5" name="testController.AddControllerTest" time="14.618" errors="0" timestamp="2021-12-08T07:38:50 ICT" skipped="0">
  <testcase classname="testController.AddControllerTest" name="getcodeTest_TC03" time="2.283"/>
  <system-out/>
  <testcase classname="testController.AddControllerTest" name="getlistuserTest_TC04" time="0.020"/>
  <system-out/>
  <testcase classname="testController.AddControllerTest" name="sendmailTest_TC05" time="12.224"/>
  <system-out/>
  <testcase classname="testController.AddControllerTest" name="getcodeTest_TC02" time="0.017"/>
  <system-out/>
  <testcase classname="testController.AddControllerTest" name="adduserTest_TC01_Success" time="0.074"/>
  <system-out/>
</testsuite> <!-- testController.AddControllerTest -->
