<?xml version="1.0" encoding="UTF-8"?>
<!-- Generated by org.testng.reporters.JUnitReportReporter -->
<testsuite hostname="haile" failures="0" tests="1" name="testController.LoginControllerTest" time="0.029" errors="0" timestamp="2021-12-14T15:23:01 ICT" skipped="0">
  <testcase classname="testController.LoginControllerTest" name="TC01_getUserbyEmail_Success" time="0.029"/>
  <system-out/>
</testsuite> <!-- testController.LoginControllerTest -->
