<?xml version="1.0" encoding="UTF-8"?>
<!-- Generated by org.testng.reporters.JUnitReportReporter -->
<testsuite hostname="haile" failures="0" tests="9" name="testModel.UserTest" time="0.008" errors="0" timestamp="2021-12-14T15:21:47 ICT" skipped="0">
  <testcase classname="testModel.UserTest" name="getPassTest_TC01" time="0.000"/>
  <system-out/>
  <testcase classname="testModel.UserTest" name="getUserTest_TC06" time="0.000"/>
  <system-out/>
  <testcase classname="testModel.UserTest" name="setPassTest_TC07" time="0.002"/>
  <system-out/>
  <testcase classname="testModel.UserTest" name="getUserTest_TC05" time="0.003"/>
  <system-out/>
  <testcase classname="testModel.UserTest" name="setRolesTest_TC08" time="0.001"/>
  <system-out/>
  <testcase classname="testModel.UserTest" name="getRolesTest_TC04" time="0.000"/>
  <system-out/>
  <testcase classname="testModel.UserTest" name="getRolesTest_TC03" time="0.001"/>
  <system-out/>
  <testcase classname="testModel.UserTest" name="getPassTest_TC02" time="0.001"/>
  <system-out/>
  <testcase classname="testModel.UserTest" name="setUserTest_TC09" time="0.000"/>
  <system-out/>
</testsuite> <!-- testModel.UserTest -->
