<?xml version="1.0" encoding="UTF-8"?>
<!-- Generated by org.testng.reporters.JUnitReportReporter -->
<testsuite hostname="haile" failures="0" tests="5" name="testController.AddControllerTest" time="14.086" errors="0" timestamp="2021-12-07T23:32:49 ICT" skipped="0">
  <testcase classname="testController.AddControllerTest" name="getlistuserTest" time="1.087"/>
  <system-out/>
  <testcase classname="testController.AddControllerTest" name="getcodeTest_TC02" time="0.017"/>
  <system-out/>
  <testcase classname="testController.AddControllerTest" name="adduserTest_TC01_Success" time="0.067"/>
  <system-out/>
  <testcase classname="testController.AddControllerTest" name="sendmailTest" time="12.012"/>
  <system-out/>
  <testcase classname="testController.AddControllerTest" name="getcodeTest_TC03" time="0.903"/>
  <system-out/>
</testsuite> <!-- testController.AddControllerTest -->
