<?xml version="1.0" encoding="UTF-8"?>
<!-- Generated by org.testng.reporters.JUnitReportReporter -->
<testsuite hostname="haile" failures="0" tests="5" name="testModel.LoaiCauHoiTest" time="0.004" errors="0" timestamp="2021-12-07T14:57:52 ICT" skipped="0">
  <testcase classname="testModel.LoaiCauHoiTest" name="getIDTest_TC_01" time="0.001"/>
  <system-out/>
  <testcase classname="testModel.LoaiCauHoiTest" name="setTenLoaiTest_TC_06" time="0.001"/>
  <system-out/>
  <testcase classname="testModel.LoaiCauHoiTest" name="setIDTest_TC_03" time="0.000"/>
  <system-out/>
  <testcase classname="testModel.LoaiCauHoiTest" name="getTenLoaiTest_TC_02" time="0.001"/>
  <system-out/>
  <testcase classname="testModel.LoaiCauHoiTest" name="setTenLoaiTest_TC_05" time="0.001"/>
  <system-out/>
</testsuite> <!-- testModel.LoaiCauHoiTest -->
