<?xml version="1.0" encoding="UTF-8"?>
<!-- Generated by org.testng.reporters.JUnitReportReporter -->
<testsuite hostname="haile" failures="0" tests="4" name="testModel.LoaiDeThiTest" time="0.002" errors="0" timestamp="2021-12-14T15:21:47 ICT" skipped="0">
  <testcase classname="testModel.LoaiDeThiTest" name="setTenLoaiTest" time="0.001"/>
  <system-out/>
  <testcase classname="testModel.LoaiDeThiTest" name="setLoaiDe_IDTest_TC03" time="0.000"/>
  <system-out/>
  <testcase classname="testModel.LoaiDeThiTest" name="getTenLoaiTest_TC02" time="0.000"/>
  <system-out/>
  <testcase classname="testModel.LoaiDeThiTest" name="getLoaiDe_IDTest_TC01" time="0.001"/>
  <system-out/>
</testsuite> <!-- testModel.LoaiDeThiTest -->
