<?xml version="1.0" encoding="UTF-8"?>
<!-- Generated by org.testng.reporters.JUnitReportReporter -->
<testsuite hostname="haile" failures="0" tests="5" name="testController.AddControllerTest" time="1.851" errors="0" timestamp="2021-12-14T15:23:01 ICT" skipped="0">
  <testcase classname="testController.AddControllerTest" name="getlistuserTest_TC05" time="0.006"/>
  <system-out/>
  <testcase classname="testController.AddControllerTest" name="getlistuserTest_TC04" time="1.097"/>
  <system-out/>
  <testcase classname="testController.AddControllerTest" name="adduserTest_TC01_Success" time="0.734"/>
  <system-out/>
  <testcase classname="testController.AddControllerTest" name="getcodeTest_TC02" time="0.009"/>
  <system-out/>
  <testcase classname="testController.AddControllerTest" name="getcodeTest_TC03" time="0.005"/>
  <system-out/>
</testsuite> <!-- testController.AddControllerTest -->
